<?xml version="1.0" encoding="UTF-8"?>
<testng-results ignored="0" total="3" passed="3" failed="0" skipped="0">
  <reporter-output>
  </reporter-output>
  <suite started-at="2021-08-20T10:59:13 EDT" name="Default suite" finished-at="2021-08-20T10:59:13 EDT" duration-ms="32">
    <groups>
    </groups>
    <test started-at="2021-08-20T10:59:13 EDT" name="Default test" finished-at="2021-08-20T10:59:13 EDT" duration-ms="32">
      <class name="SongTest">
        <test-method signature="testEquals()[pri:0, instance:SongTest@26b3fd41]" started-at="2021-08-20T10:59:13 EDT" name="testEquals" finished-at="2021-08-20T10:59:13 EDT" duration-ms="7" status="PASS">
          <reporter-output>
          </reporter-output>
        </test-method> <!-- testEquals -->
        <test-method signature="testGetters()[pri:0, instance:SongTest@26b3fd41]" started-at="2021-08-20T10:59:13 EDT" name="testGetters" finished-at="2021-08-20T10:59:13 EDT" duration-ms="0" status="PASS">
          <reporter-output>
          </reporter-output>
        </test-method> <!-- testGetters -->
        <test-method signature="testToString()[pri:0, instance:SongTest@26b3fd41]" started-at="2021-08-20T10:59:13 EDT" name="testToString" finished-at="2021-08-20T10:59:13 EDT" duration-ms="1" status="PASS">
          <reporter-output>
          </reporter-output>
        </test-method> <!-- testToString -->
      </class> <!-- SongTest -->
    </test> <!-- Default test -->
  </suite> <!-- Default suite -->
</testng-results>
